<?xml version="1.0" encoding="UTF-8"?>
<testsuite name="TestSuite" time="0.171" tests="19" errors="0" skipped="0" failures="0">
  <properties>
    <property name="java.runtime.name" value="Java(TM) SE Runtime Environment"/>
    <property name="sun.boot.library.path" value="/Library/Java/JavaVirtualMachines/jdk1.8.0_101.jdk/Contents/Home/jre/lib"/>
    <property name="java.vm.version" value="25.101-b13"/>
    <property name="user.country.format" value="GB"/>
    <property name="gopherProxySet" value="false"/>
    <property name="java.vm.vendor" value="Oracle Corporation"/>
    <property name="maven.multiModuleProjectDirectory" value="/Users/Mojgan/Git/calculator-mojgana-masoomehb"/>
    <property name="java.vendor.url" value="http://java.oracle.com/"/>
    <property name="path.separator" value=":"/>
    <property name="guice.disable.misplaced.annotation.check" value="true"/>
    <property name="java.vm.name" value="Java HotSpot(TM) 64-Bit Server VM"/>
    <property name="file.encoding.pkg" value="sun.io"/>
    <property name="user.country" value="US"/>
    <property name="sun.java.launcher" value="SUN_STANDARD"/>
    <property name="sun.os.patch.level" value="unknown"/>
    <property name="java.vm.specification.name" value="Java Virtual Machine Specification"/>
    <property name="user.dir" value="/Users/Mojgan/Git/calculator-mojgana-masoomehb"/>
    <property name="java.runtime.version" value="1.8.0_101-b13"/>
    <property name="java.awt.graphicsenv" value="sun.awt.CGraphicsEnvironment"/>
    <property name="java.endorsed.dirs" value="/Library/Java/JavaVirtualMachines/jdk1.8.0_101.jdk/Contents/Home/jre/lib/endorsed"/>
    <property name="os.arch" value="x86_64"/>
    <property name="java.io.tmpdir" value="/var/folders/sw/s2p9695d6_j88zfnx1m846gm0000gn/T/"/>
    <property name="line.separator" value="&#10;"/>
    <property name="java.vm.specification.vendor" value="Oracle Corporation"/>
    <property name="os.name" value="Mac OS X"/>
    <property name="classworlds.conf" value="/Users/Mojgan/Documents/workspace/.metadata/.plugins/org.eclipse.m2e.launching/launches/m2conf2562554091198843863.tmp"/>
    <property name="sun.jnu.encoding" value="UTF-8"/>
    <property name="java.library.path" value="/Users/Mojgan/Library/Java/Extensions:/Library/Java/Extensions:/Network/Library/Java/Extensions:/System/Library/Java/Extensions:/usr/lib/java:."/>
    <property name="java.specification.name" value="Java Platform API Specification"/>
    <property name="java.class.version" value="52.0"/>
    <property name="sun.management.compiler" value="HotSpot 64-Bit Tiered Compilers"/>
    <property name="os.version" value="10.10.5"/>
    <property name="http.nonProxyHosts" value="local|*.local|169.254/16|*.169.254/16"/>
    <property name="user.home" value="/Users/Mojgan"/>
    <property name="user.timezone" value="Europe/Stockholm"/>
    <property name="java.awt.printerjob" value="sun.lwawt.macosx.CPrinterJob"/>
    <property name="java.specification.version" value="1.8"/>
    <property name="file.encoding" value="UTF-8"/>
    <property name="user.name" value="Mojgan"/>
    <property name="java.class.path" value="/users/Mojgan/apache-maven-3.3.9/boot/plexus-classworlds-2.5.2.jar"/>
    <property name="java.vm.specification.version" value="1.8"/>
    <property name="sun.arch.data.model" value="64"/>
    <property name="java.home" value="/Library/Java/JavaVirtualMachines/jdk1.8.0_101.jdk/Contents/Home/jre"/>
    <property name="sun.java.command" value="org.codehaus.plexus.classworlds.launcher.Launcher -B install"/>
    <property name="java.specification.vendor" value="Oracle Corporation"/>
    <property name="user.language" value="en"/>
    <property name="awt.toolkit" value="sun.lwawt.macosx.LWCToolkit"/>
    <property name="java.vm.info" value="mixed mode"/>
    <property name="java.version" value="1.8.0_101"/>
    <property name="java.ext.dirs" value="/Users/Mojgan/Library/Java/Extensions:/Library/Java/JavaVirtualMachines/jdk1.8.0_101.jdk/Contents/Home/jre/lib/ext:/Library/Java/Extensions:/Network/Library/Java/Extensions:/System/Library/Java/Extensions:/usr/lib/java"/>
    <property name="sun.boot.class.path" value="/Library/Java/JavaVirtualMachines/jdk1.8.0_101.jdk/Contents/Home/jre/lib/resources.jar:/Library/Java/JavaVirtualMachines/jdk1.8.0_101.jdk/Contents/Home/jre/lib/rt.jar:/Library/Java/JavaVirtualMachines/jdk1.8.0_101.jdk/Contents/Home/jre/lib/sunrsasign.jar:/Library/Java/JavaVirtualMachines/jdk1.8.0_101.jdk/Contents/Home/jre/lib/jsse.jar:/Library/Java/JavaVirtualMachines/jdk1.8.0_101.jdk/Contents/Home/jre/lib/jce.jar:/Library/Java/JavaVirtualMachines/jdk1.8.0_101.jdk/Contents/Home/jre/lib/charsets.jar:/Library/Java/JavaVirtualMachines/jdk1.8.0_101.jdk/Contents/Home/jre/lib/jfr.jar:/Library/Java/JavaVirtualMachines/jdk1.8.0_101.jdk/Contents/Home/jre/classes"/>
    <property name="java.vendor" value="Oracle Corporation"/>
    <property name="maven.home" value="/users/Mojgan/apache-maven-3.3.9"/>
    <property name="file.separator" value="/"/>
    <property name="java.vendor.url.bug" value="http://bugreport.sun.com/bugreport/"/>
    <property name="sun.cpu.endian" value="little"/>
    <property name="sun.io.unicode.encoding" value="UnicodeBig"/>
    <property name="socksNonProxyHosts" value="local|*.local|169.254/16|*.169.254/16"/>
    <property name="ftp.nonProxyHosts" value="local|*.local|169.254/16|*.169.254/16"/>
    <property name="sun.cpu.isalist" value=""/>
  </properties>
  <testcase name="testCos on testCos(AdvanceCalculatorTest)" classname="AdvanceCalculatorTest" time="0.03"/>
  <testcase name="testLog on testLog(AdvanceCalculatorTest)" classname="AdvanceCalculatorTest" time="0.018"/>
  <testcase name="testPow on testPow(AdvanceCalculatorTest)" classname="AdvanceCalculatorTest" time="0.014"/>
  <testcase name="testSin on testSin(AdvanceCalculatorTest)" classname="AdvanceCalculatorTest" time="0.011"/>
  <testcase name="testRoud on testRoud(AdvanceCalculatorTest)" classname="AdvanceCalculatorTest" time="0.016"/>
  <testcase name="testSqrt on testSqrt(AdvanceCalculatorTest)" classname="AdvanceCalculatorTest" time="0.002"/>
  <testcase name="testSinNegative on testSinNegative(AdvanceCalculatorTest)" classname="AdvanceCalculatorTest" time="0.007"/>
  <testcase name="testRoudNegative on testRoudNegative(AdvanceCalculatorTest)" classname="AdvanceCalculatorTest" time="0.007"/>
  <testcase name="testPowNegative on testPowNegative(AdvanceCalculatorTest)" classname="AdvanceCalculatorTest" time="0.011"/>
  <testcase name="testCosNegativ on testCosNegativ(AdvanceCalculatorTest)" classname="AdvanceCalculatorTest" time="0.006"/>
  <testcase name="testLogNegative on testLogNegative(AdvanceCalculatorTest)" classname="AdvanceCalculatorTest" time="0.006"/>
  <testcase name="testAdd on testAdd(CalculatorTest)" classname="CalculatorTest" time="0.007"/>
  <testcase name="testSubtract on testSubtract(CalculatorTest)" classname="CalculatorTest" time="0.005"/>
  <testcase name="testAdd2 on testAdd2(CalculatorTest)" classname="CalculatorTest" time="0.005"/>
  <testcase name="testAdd3 on testAdd3(CalculatorTest)" classname="CalculatorTest" time="0.005"/>
  <testcase name="testAdd4 on testAdd4(CalculatorTest)" classname="CalculatorTest" time="0.005"/>
  <testcase name="testDivide on testDivide(CalculatorTest)" classname="CalculatorTest" time="0.007"/>
  <testcase name="testMultiply on testMultiply(CalculatorTest)" classname="CalculatorTest" time="0.004"/>
  <testcase name="testDivideZero on testDivideZero(CalculatorTest)" classname="CalculatorTest" time="0.005"/>
</testsuite>