<?xml version="1.0" encoding="UTF-8"?>
<!-- Generated by org.testng.reporters.JUnitReportReporter -->
<testsuite hostname="Mojgans-MacBook-Pro.local" name="AdvanceCalculatorTest" tests="11" failures="0" timestamp="9 Nov 2016 19:18:07 GMT" time="0.133" errors="0">
  <testcase name="testCosNegativ" time="0.007" classname="AdvanceCalculatorTest"/>
  <testcase name="testLogNegative" time="0.007" classname="AdvanceCalculatorTest"/>
  <testcase name="testSin" time="0.011" classname="AdvanceCalculatorTest"/>
  <testcase name="testRoudNegative" time="0.007" classname="AdvanceCalculatorTest"/>
  <testcase name="testLog" time="0.019" classname="AdvanceCalculatorTest"/>
  <testcase name="testPow" time="0.014" classname="AdvanceCalculatorTest"/>
  <testcase name="testCos" time="0.032" classname="AdvanceCalculatorTest"/>
  <testcase name="testPowNegative" time="0.010" classname="AdvanceCalculatorTest"/>
  <testcase name="testRoud" time="0.016" classname="AdvanceCalculatorTest"/>
  <testcase name="testSqrt" time="0.003" classname="AdvanceCalculatorTest"/>
  <testcase name="testSinNegative" time="0.007" classname="AdvanceCalculatorTest"/>
</testsuite> <!-- AdvanceCalculatorTest -->
