<?xml version="1.0" encoding="UTF-8"?>
<!-- Generated by org.testng.reporters.JUnitReportReporter -->
<testsuite hostname="Mojgans-MacBook-Pro.local" name="CalculatorTest" tests="8" failures="0" timestamp="9 Nov 2016 19:57:59 GMT" time="0.045" errors="0">
  <testcase name="testSubtract" time="0.005" classname="CalculatorTest"/>
  <testcase name="testDivideZero" time="0.006" classname="CalculatorTest"/>
  <testcase name="testMultiply" time="0.006" classname="CalculatorTest"/>
  <testcase name="testAdd2" time="0.006" classname="CalculatorTest"/>
  <testcase name="testAdd" time="0.006" classname="CalculatorTest"/>
  <testcase name="testAdd4" time="0.006" classname="CalculatorTest"/>
  <testcase name="testAdd3" time="0.005" classname="CalculatorTest"/>
  <testcase name="testDivide" time="0.005" classname="CalculatorTest"/>
</testsuite> <!-- CalculatorTest -->
