<?xml version="1.0" encoding="UTF-8"?>
<!-- Generated by org.testng.reporters.JUnitReportReporter -->
<testsuite hostname="Mojgans-MacBook-Pro.local" name="AdvanceCalculatorTest" tests="11" failures="0" timestamp="9 Nov 2016 19:57:59 GMT" time="0.136" errors="0">
  <testcase name="testCosNegativ" time="0.006" classname="AdvanceCalculatorTest"/>
  <testcase name="testLogNegative" time="0.006" classname="AdvanceCalculatorTest"/>
  <testcase name="testSin" time="0.013" classname="AdvanceCalculatorTest"/>
  <testcase name="testRoudNegative" time="0.009" classname="AdvanceCalculatorTest"/>
  <testcase name="testLog" time="0.018" classname="AdvanceCalculatorTest"/>
  <testcase name="testPow" time="0.020" classname="AdvanceCalculatorTest"/>
  <testcase name="testCos" time="0.030" classname="AdvanceCalculatorTest"/>
  <testcase name="testPowNegative" time="0.008" classname="AdvanceCalculatorTest"/>
  <testcase name="testRoud" time="0.015" classname="AdvanceCalculatorTest"/>
  <testcase name="testSqrt" time="0.003" classname="AdvanceCalculatorTest"/>
  <testcase name="testSinNegative" time="0.008" classname="AdvanceCalculatorTest"/>
</testsuite> <!-- AdvanceCalculatorTest -->
